setting 'ivy.default.settings.dir' to 'jar:file:/home/wzhg/workspace/spark/sbt/sbt-launch-0.12.4.jar!/org/apache/ivy/core/settings'
setting 'ivy.basedir' to '/home/wzhg/workspace/spark/.'
setting 'ivy.default.conf.dir' to 'jar:file:/home/wzhg/workspace/spark/sbt/sbt-launch-0.12.4.jar!/org/apache/ivy/core/settings'
impossible to define new type: class not found: org.apache.ivy.plugins.resolver.SshResolver in [] nor Ivy classloader
impossible to define new type: class not found: org.apache.ivy.plugins.resolver.VsftpResolver in [] nor Ivy classloader
impossible to define new type: class not found: org.apache.ivy.plugins.version.PatternVersionMatcher in [] nor Ivy classloader
impossible to define new type: class not found: org.apache.ivy.plugins.trigger.LogTrigger in [] nor Ivy classloader
impossible to define new type: class not found: org.apache.ivy.ant.AntBuildTrigger in [] nor Ivy classloader
impossible to define new type: class not found: org.apache.ivy.plugins.resolver.IvyRepResolver in [] nor Ivy classloader
impossible to define new type: class not found: org.apache.ivy.plugins.signer.bouncycastle.OpenPGPSignatureGenerator in [] nor Ivy classloader
impossible to define new type: class not found: org.apache.ivy.plugins.conflict.RegexpConflictManager in [] nor Ivy classloader
impossible to define new type: class not found: org.apache.ivy.plugins.resolver.SFTPResolver in [] nor Ivy classloader
impossible to define new type: class not found: org.apache.ivy.osgi.updatesite.UpdateSiteResolver in [] nor Ivy classloader
impossible to define new type: class not found: org.apache.ivy.ant.AntCallTrigger in [] nor Ivy classloader
impossible to define new type: class not found: org.apache.ivy.plugins.resolver.MirroredURLResolver in [] nor Ivy classloader
impossible to define new type: class not found: org.apache.ivy.plugins.resolver.packager.PackagerResolver in [] nor Ivy classloader
impossible to define new type: class not found: org.apache.ivy.plugins.resolver.DualResolver in [] nor Ivy classloader
impossible to define new type: class not found: org.apache.ivy.plugins.resolver.VfsResolver in [] nor Ivy classloader
impossible to define new type: class not found: org.apache.ivy.plugins.resolver.JarResolver in [] nor Ivy classloader
impossible to define new type: class not found: org.apache.ivy.osgi.obr.OBRResolver in [] nor Ivy classloader
impossible to define glob matcher: org.apache.ivy.plugins.matcher.GlobPatternMatcher was not found.
setting 'java.runtime.name' to 'Java(TM) SE Runtime Environment'
setting 'sun.boot.library.path' to '/home/php/install/jdk1.6.0_23/jre/lib/amd64'
setting 'java.vm.version' to '19.0-b09'
setting 'java.vm.vendor' to 'Sun Microsystems Inc.'
setting 'java.vendor.url' to 'http://java.sun.com/'
setting 'path.separator' to ':'
setting 'java.vm.name' to 'Java HotSpot(TM) 64-Bit Server VM'
setting 'file.encoding.pkg' to 'sun.io'
setting 'sun.java.launcher' to 'SUN_STANDARD'
setting 'user.country' to 'US'
setting 'sun.os.patch.level' to 'unknown'
setting 'java.vm.specification.name' to 'Java Virtual Machine Specification'
setting 'user.dir' to '/home/wzhg/workspace/spark'
setting 'java.runtime.version' to '1.6.0_23-b05'
setting 'java.awt.graphicsenv' to 'sun.awt.X11GraphicsEnvironment'
setting 'java.endorsed.dirs' to '/home/php/install/jdk1.6.0_23/jre/lib/endorsed'
setting 'os.arch' to 'amd64'
setting 'java.io.tmpdir' to '/tmp'
setting 'line.separator' to '
'
setting 'java.vm.specification.vendor' to 'Sun Microsystems Inc.'
setting 'os.name' to 'Linux'
setting 'sun.jnu.encoding' to 'UTF-8'
setting 'java.library.path' to '/home/php/install/jdk1.6.0_23/jre/lib/amd64/server:/home/php/install/jdk1.6.0_23/jre/lib/amd64:/home/php/install/jdk1.6.0_23/jre/../lib/amd64::/home/index/php/cloud_test/crf/:/home/index/solr/lucene_src/segger:/home/index/php/tools/zookeeper-3.3.1/src/c/.libs/:/home/index/php/cloud_test/crf/:/home/index/solr/lucene_src/segger:/home/index/php/tools/zookeeper-3.3.1/src/c/.libs/:/home/index/php/cloud_test/crf/:/home/index/solr/lucene_src/segger:/home/index/php/tools/zookeeper-3.3.1/src/c/.libs/:/usr/java/packages/lib/amd64:/usr/lib64:/lib64:/lib:/usr/lib'
setting 'java.specification.name' to 'Java Platform API Specification'
setting 'java.class.version' to '50.0'
setting 'sun.management.compiler' to 'HotSpot 64-Bit Server Compiler'
setting 'os.version' to '2.6.32-5-amd64'
setting 'user.home' to '/home/wzhg'
setting 'user.timezone' to 'Asia/Shanghai'
setting 'java.awt.printerjob' to 'sun.print.PSPrinterJob'
setting 'file.encoding' to 'UTF-8'
setting 'java.specification.version' to '1.6'
setting 'java.class.path' to 'sbt/sbt-launch-0.12.4.jar'
setting 'user.name' to 'wzhg'
setting 'java.vm.specification.version' to '1.0'
setting 'java.home' to '/home/php/install/jdk1.6.0_23/jre'
setting 'sun.arch.data.model' to '64'
setting 'user.language' to 'en'
setting 'java.specification.vendor' to 'Sun Microsystems Inc.'
setting 'java.vm.info' to 'mixed mode'
setting 'java.version' to '1.6.0_23'
setting 'java.ext.dirs' to '/home/php/install/jdk1.6.0_23/jre/lib/ext:/usr/java/packages/lib/ext'
setting 'sun.boot.class.path' to '/home/php/install/jdk1.6.0_23/jre/lib/resources.jar:/home/php/install/jdk1.6.0_23/jre/lib/rt.jar:/home/php/install/jdk1.6.0_23/jre/lib/sunrsasign.jar:/home/php/install/jdk1.6.0_23/jre/lib/jsse.jar:/home/php/install/jdk1.6.0_23/jre/lib/jce.jar:/home/php/install/jdk1.6.0_23/jre/lib/charsets.jar:/home/php/install/jdk1.6.0_23/jre/lib/modules/jdk.boot.jar:/home/php/install/jdk1.6.0_23/jre/classes'
setting 'java.vendor' to 'Sun Microsystems Inc.'
setting 'file.separator' to '/'
setting 'java.vendor.url.bug' to 'http://java.sun.com/cgi-bin/bugreport.cgi'
setting 'sun.io.unicode.encoding' to 'UnicodeLittle'
setting 'sun.cpu.endian' to 'little'
setting 'sun.cpu.isalist' to ''
setting 'ivy.default.ivy.user.dir' to '/home/wzhg/.ivy2'
setting 'ivy.home' to '/home/wzhg/.ivy2'
setting 'ivy.cache.dir' to '/home/wzhg/.ivy2/cache'
no default cache defined: set to /home/wzhg/.ivy2/cache
setting 'ivy.checksums' to 'sha1,md5'
setting 'ivy.basedir' to '/home/wzhg/.sbt/boot'
setting 'basedir' to '/home/wzhg/.sbt/boot'
setting 'scala' to '2.10.3'
:: resolving dependencies :: org.scala-sbt#boot-scala;1.0
	confs: [default]
	validate = true
	refresh = false
resolving dependencies for configuration 'default'
== resolving dependencies for org.scala-sbt#boot-scala;1.0 [default]
loadData of org.scala-sbt#boot-scala;1.0 of rootConf=default
== resolving dependencies org.scala-sbt#boot-scala;1.0->org.scala-lang#scala-compiler;2.10.3 [default->default]
loadData of org.scala-lang#scala-compiler;2.10.3 of rootConf=default
	using redefined-public to resolve org.scala-lang#scala-compiler;2.10.3
redefined-public: Checking cache for: dependency: org.scala-lang#scala-compiler;2.10.3 {default=[default, optional(default)]}
redefined-public: no namespace defined: using system
	no ivy file in cache for org.scala-lang#scala-compiler;2.10.3: tried /home/wzhg/.ivy2/cache/org.scala-lang/scala-compiler/ivy-2.10.3.xml
redefined-public: no latest strategy defined: using default
local: no namespace defined: using system
	no ivy file in cache for org.scala-lang#scala-compiler;2.10.3: tried /home/wzhg/.ivy2/cache/org.scala-lang/scala-compiler/ivy-2.10.3.xml
	 trying /home/wzhg/.ivy2/local/org.scala-lang/scala-compiler/2.10.3/ivys/ivy.xml
		tried /home/wzhg/.ivy2/local/org.scala-lang/scala-compiler/2.10.3/ivys/ivy.xml
	local: resource not reachable for org.scala-lang#scala-compiler;2.10.3: res=/home/wzhg/.ivy2/local/org.scala-lang/scala-compiler/2.10.3/ivys/ivy.xml
	local: no ivy file found for org.scala-lang#scala-compiler;2.10.3
typesafe-ivy-releases: no namespace defined: using system
	no ivy file in cache for org.scala-lang#scala-compiler;2.10.3: tried /home/wzhg/.ivy2/cache/org.scala-lang/scala-compiler/ivy-2.10.3.xml
	 trying http://repo.typesafe.com/typesafe/ivy-releases/org.scala-lang/scala-compiler/2.10.3/ivys/ivy.xml
		tried http://repo.typesafe.com/typesafe/ivy-releases/org.scala-lang/scala-compiler/2.10.3/ivys/ivy.xml
HTTP response status: 404 url=http://repo.typesafe.com/typesafe/ivy-releases/org.scala-lang/scala-compiler/2.10.3/ivys/ivy.xml
CLIENT ERROR: Not Found url=http://repo.typesafe.com/typesafe/ivy-releases/org.scala-lang/scala-compiler/2.10.3/ivys/ivy.xml
	typesafe-ivy-releases: resource not reachable for org.scala-lang#scala-compiler;2.10.3: res=http://repo.typesafe.com/typesafe/ivy-releases/org.scala-lang/scala-compiler/2.10.3/ivys/ivy.xml
	typesafe-ivy-releases: no ivy file found for org.scala-lang#scala-compiler;2.10.3
Maven Central: no namespace defined: using system
	no ivy file in cache for org.scala-lang#scala-compiler;2.10.3: tried /home/wzhg/.ivy2/cache/org.scala-lang/scala-compiler/ivy-2.10.3.xml
	 trying http://repo1.maven.org/maven2/org/scala-lang/scala-compiler/2.10.3/scala-compiler-2.10.3.pom
		tried http://repo1.maven.org/maven2/org/scala-lang/scala-compiler/2.10.3/scala-compiler-2.10.3.pom
	Maven Central: found md file for org.scala-lang#scala-compiler;2.10.3
		=> http://repo1.maven.org/maven2/org/scala-lang/scala-compiler/2.10.3/scala-compiler-2.10.3.pom (2.10.3)
	parser = pom parser
	no ivy file in cache for org.scala-lang#scala-compiler;2.10.3: tried /home/wzhg/.ivy2/cache/org.scala-lang/scala-compiler/ivy-2.10.3.xml
downloading http://repo1.maven.org/maven2/org/scala-lang/scala-compiler/2.10.3/scala-compiler-2.10.3.pom ...
	Maven Central: downloading http://repo1.maven.org/maven2/org/scala-lang/scala-compiler/2.10.3/scala-compiler-2.10.3.pom
		to /home/wzhg/.ivy2/cache/org.scala-lang/scala-compiler/ivy-2.10.3.xml.original.part
sha1 file found for http://repo1.maven.org/maven2/org/scala-lang/scala-compiler/2.10.3/scala-compiler-2.10.3.pom: checking...
	Maven Central: downloading http://repo1.maven.org/maven2/org/scala-lang/scala-compiler/2.10.3/scala-compiler-2.10.3.pom.sha1
		to /tmp/ivytmp3976904766616104319sha1
sha1 OK for http://repo1.maven.org/maven2/org/scala-lang/scala-compiler/2.10.3/scala-compiler-2.10.3.pom
	[SUCCESSFUL ] org.scala-lang#scala-compiler;2.10.3!scala-compiler.pom(pom.original) (765ms)
	 trying /home/wzhg/.ivy2/local/org.scala-lang/scala-compiler/2.10.3/jars/scala-compiler.jar
		tried /home/wzhg/.ivy2/local/org.scala-lang/scala-compiler/2.10.3/jars/scala-compiler.jar
	local: resource not reachable for org.scala-lang#scala-compiler;2.10.3: res=/home/wzhg/.ivy2/local/org.scala-lang/scala-compiler/2.10.3/jars/scala-compiler.jar
	 trying http://repo.typesafe.com/typesafe/ivy-releases/org.scala-lang/scala-compiler/2.10.3/jars/scala-compiler.jar
		tried http://repo.typesafe.com/typesafe/ivy-releases/org.scala-lang/scala-compiler/2.10.3/jars/scala-compiler.jar
HTTP response status: 404 url=http://repo.typesafe.com/typesafe/ivy-releases/org.scala-lang/scala-compiler/2.10.3/jars/scala-compiler.jar
CLIENT ERROR: Not Found url=http://repo.typesafe.com/typesafe/ivy-releases/org.scala-lang/scala-compiler/2.10.3/jars/scala-compiler.jar
	typesafe-ivy-releases: resource not reachable for org.scala-lang#scala-compiler;2.10.3: res=http://repo.typesafe.com/typesafe/ivy-releases/org.scala-lang/scala-compiler/2.10.3/jars/scala-compiler.jar
	 trying http://repo1.maven.org/maven2/org/scala-lang/scala-compiler/2.10.3/scala-compiler-2.10.3.jar
		tried http://repo1.maven.org/maven2/org/scala-lang/scala-compiler/2.10.3/scala-compiler-2.10.3.jar
no source artifact found for org.scala-lang#scala-compiler;2.10.3
no javadoc artifact found for org.scala-lang#scala-compiler;2.10.3
	default-cache: parsed downloaded md file for org.scala-lang#scala-compiler;2.10.3; parsed=org.scala-lang#scala-compiler;2.10.3
	checking org.scala-lang#scala-compiler;2.10.3 from Maven Central against [none]
	module revision kept as first found: org.scala-lang#scala-compiler;2.10.3 from Maven Central
	found org.scala-lang#scala-compiler;2.10.3 in Maven Central
== resolving dependencies org.scala-sbt#boot-scala;1.0->org.scala-lang#scala-compiler;2.10.3 [default->runtime]
loadData of org.scala-lang#scala-compiler;2.10.3 of rootConf=default
== resolving dependencies org.scala-sbt#boot-scala;1.0->org.scala-lang#scala-compiler;2.10.3 [default->compile]
loadData of org.scala-lang#scala-compiler;2.10.3 of rootConf=default
== resolving dependencies org.scala-lang#scala-compiler;2.10.3->org.scala-lang#scala-library;2.10.3 [compile->master(*)]
loadData of org.scala-lang#scala-library;2.10.3 of rootConf=default
	using redefined-public to resolve org.scala-lang#scala-library;2.10.3
redefined-public: Checking cache for: dependency: org.scala-lang#scala-library;2.10.3 {compile=[compile(*), master(*)], runtime=[runtime(*)]}
	no ivy file in cache for org.scala-lang#scala-library;2.10.3: tried /home/wzhg/.ivy2/cache/org.scala-lang/scala-library/ivy-2.10.3.xml
	no ivy file in cache for org.scala-lang#scala-library;2.10.3: tried /home/wzhg/.ivy2/cache/org.scala-lang/scala-library/ivy-2.10.3.xml
	 trying /home/wzhg/.ivy2/local/org.scala-lang/scala-library/2.10.3/ivys/ivy.xml
		tried /home/wzhg/.ivy2/local/org.scala-lang/scala-library/2.10.3/ivys/ivy.xml
	local: resource not reachable for org.scala-lang#scala-library;2.10.3: res=/home/wzhg/.ivy2/local/org.scala-lang/scala-library/2.10.3/ivys/ivy.xml
	local: no ivy file found for org.scala-lang#scala-library;2.10.3
	no ivy file in cache for org.scala-lang#scala-library;2.10.3: tried /home/wzhg/.ivy2/cache/org.scala-lang/scala-library/ivy-2.10.3.xml
	 trying http://repo.typesafe.com/typesafe/ivy-releases/org.scala-lang/scala-library/2.10.3/ivys/ivy.xml
		tried http://repo.typesafe.com/typesafe/ivy-releases/org.scala-lang/scala-library/2.10.3/ivys/ivy.xml
HTTP response status: 404 url=http://repo.typesafe.com/typesafe/ivy-releases/org.scala-lang/scala-library/2.10.3/ivys/ivy.xml
CLIENT ERROR: Not Found url=http://repo.typesafe.com/typesafe/ivy-releases/org.scala-lang/scala-library/2.10.3/ivys/ivy.xml
	typesafe-ivy-releases: resource not reachable for org.scala-lang#scala-library;2.10.3: res=http://repo.typesafe.com/typesafe/ivy-releases/org.scala-lang/scala-library/2.10.3/ivys/ivy.xml
	typesafe-ivy-releases: no ivy file found for org.scala-lang#scala-library;2.10.3
	no ivy file in cache for org.scala-lang#scala-library;2.10.3: tried /home/wzhg/.ivy2/cache/org.scala-lang/scala-library/ivy-2.10.3.xml
	 trying http://repo1.maven.org/maven2/org/scala-lang/scala-library/2.10.3/scala-library-2.10.3.pom
		tried http://repo1.maven.org/maven2/org/scala-lang/scala-library/2.10.3/scala-library-2.10.3.pom
	Maven Central: found md file for org.scala-lang#scala-library;2.10.3
		=> http://repo1.maven.org/maven2/org/scala-lang/scala-library/2.10.3/scala-library-2.10.3.pom (2.10.3)
	parser = pom parser
	no ivy file in cache for org.scala-lang#scala-library;2.10.3: tried /home/wzhg/.ivy2/cache/org.scala-lang/scala-library/ivy-2.10.3.xml
downloading http://repo1.maven.org/maven2/org/scala-lang/scala-library/2.10.3/scala-library-2.10.3.pom ...
	Maven Central: downloading http://repo1.maven.org/maven2/org/scala-lang/scala-library/2.10.3/scala-library-2.10.3.pom
		to /home/wzhg/.ivy2/cache/org.scala-lang/scala-library/ivy-2.10.3.xml.original.part
sha1 file found for http://repo1.maven.org/maven2/org/scala-lang/scala-library/2.10.3/scala-library-2.10.3.pom: checking...
	Maven Central: downloading http://repo1.maven.org/maven2/org/scala-lang/scala-library/2.10.3/scala-library-2.10.3.pom.sha1
		to /tmp/ivytmp8167781629167960582sha1
sha1 OK for http://repo1.maven.org/maven2/org/scala-lang/scala-library/2.10.3/scala-library-2.10.3.pom
	[SUCCESSFUL ] org.scala-lang#scala-library;2.10.3!scala-library.pom(pom.original) (760ms)
	 trying /home/wzhg/.ivy2/local/org.scala-lang/scala-library/2.10.3/jars/scala-library.jar
		tried /home/wzhg/.ivy2/local/org.scala-lang/scala-library/2.10.3/jars/scala-library.jar
	local: resource not reachable for org.scala-lang#scala-library;2.10.3: res=/home/wzhg/.ivy2/local/org.scala-lang/scala-library/2.10.3/jars/scala-library.jar
	 trying http://repo.typesafe.com/typesafe/ivy-releases/org.scala-lang/scala-library/2.10.3/jars/scala-library.jar
		tried http://repo.typesafe.com/typesafe/ivy-releases/org.scala-lang/scala-library/2.10.3/jars/scala-library.jar
HTTP response status: 404 url=http://repo.typesafe.com/typesafe/ivy-releases/org.scala-lang/scala-library/2.10.3/jars/scala-library.jar
CLIENT ERROR: Not Found url=http://repo.typesafe.com/typesafe/ivy-releases/org.scala-lang/scala-library/2.10.3/jars/scala-library.jar
	typesafe-ivy-releases: resource not reachable for org.scala-lang#scala-library;2.10.3: res=http://repo.typesafe.com/typesafe/ivy-releases/org.scala-lang/scala-library/2.10.3/jars/scala-library.jar
	 trying http://repo1.maven.org/maven2/org/scala-lang/scala-library/2.10.3/scala-library-2.10.3.jar
		tried http://repo1.maven.org/maven2/org/scala-lang/scala-library/2.10.3/scala-library-2.10.3.jar
no source artifact found for org.scala-lang#scala-library;2.10.3
no javadoc artifact found for org.scala-lang#scala-library;2.10.3
	default-cache: parsed downloaded md file for org.scala-lang#scala-library;2.10.3; parsed=org.scala-lang#scala-library;2.10.3
	checking org.scala-lang#scala-library;2.10.3 from Maven Central against [none]
	module revision kept as first found: org.scala-lang#scala-library;2.10.3 from Maven Central
	found org.scala-lang#scala-library;2.10.3 in Maven Central
== resolving dependencies org.scala-lang#scala-compiler;2.10.3->org.scala-lang#scala-library;2.10.3 [compile->compile(*)]
loadData of org.scala-lang#scala-library;2.10.3 of rootConf=default
== resolving dependencies org.scala-lang#scala-compiler;2.10.3->org.scala-lang#scala-library;2.10.3 [compile->default]
loadData of org.scala-lang#scala-library;2.10.3 of rootConf=default
== resolving dependencies org.scala-lang#scala-compiler;2.10.3->org.scala-lang#scala-library;2.10.3 [compile->runtime]
loadData of org.scala-lang#scala-library;2.10.3 of rootConf=default
== resolving dependencies org.scala-lang#scala-compiler;2.10.3->org.scala-lang#scala-library;2.10.3 [compile->compile]
loadData of org.scala-lang#scala-library;2.10.3 of rootConf=default
== resolving dependencies org.scala-lang#scala-compiler;2.10.3->org.scala-lang#scala-library;2.10.3 [compile->master]
loadData of org.scala-lang#scala-library;2.10.3 of rootConf=default
== resolving dependencies org.scala-lang#scala-compiler;2.10.3->org.scala-lang#scala-reflect;2.10.3 [compile->master(*)]
loadData of org.scala-lang#scala-reflect;2.10.3 of rootConf=default
	using redefined-public to resolve org.scala-lang#scala-reflect;2.10.3
redefined-public: Checking cache for: dependency: org.scala-lang#scala-reflect;2.10.3 {compile=[compile(*), master(*)], runtime=[runtime(*)]}
	no ivy file in cache for org.scala-lang#scala-reflect;2.10.3: tried /home/wzhg/.ivy2/cache/org.scala-lang/scala-reflect/ivy-2.10.3.xml
	no ivy file in cache for org.scala-lang#scala-reflect;2.10.3: tried /home/wzhg/.ivy2/cache/org.scala-lang/scala-reflect/ivy-2.10.3.xml
	 trying /home/wzhg/.ivy2/local/org.scala-lang/scala-reflect/2.10.3/ivys/ivy.xml
		tried /home/wzhg/.ivy2/local/org.scala-lang/scala-reflect/2.10.3/ivys/ivy.xml
	local: resource not reachable for org.scala-lang#scala-reflect;2.10.3: res=/home/wzhg/.ivy2/local/org.scala-lang/scala-reflect/2.10.3/ivys/ivy.xml
	local: no ivy file found for org.scala-lang#scala-reflect;2.10.3
	no ivy file in cache for org.scala-lang#scala-reflect;2.10.3: tried /home/wzhg/.ivy2/cache/org.scala-lang/scala-reflect/ivy-2.10.3.xml
	 trying http://repo.typesafe.com/typesafe/ivy-releases/org.scala-lang/scala-reflect/2.10.3/ivys/ivy.xml
		tried http://repo.typesafe.com/typesafe/ivy-releases/org.scala-lang/scala-reflect/2.10.3/ivys/ivy.xml
HTTP response status: 404 url=http://repo.typesafe.com/typesafe/ivy-releases/org.scala-lang/scala-reflect/2.10.3/ivys/ivy.xml
CLIENT ERROR: Not Found url=http://repo.typesafe.com/typesafe/ivy-releases/org.scala-lang/scala-reflect/2.10.3/ivys/ivy.xml
	typesafe-ivy-releases: resource not reachable for org.scala-lang#scala-reflect;2.10.3: res=http://repo.typesafe.com/typesafe/ivy-releases/org.scala-lang/scala-reflect/2.10.3/ivys/ivy.xml
	typesafe-ivy-releases: no ivy file found for org.scala-lang#scala-reflect;2.10.3
	no ivy file in cache for org.scala-lang#scala-reflect;2.10.3: tried /home/wzhg/.ivy2/cache/org.scala-lang/scala-reflect/ivy-2.10.3.xml
	 trying http://repo1.maven.org/maven2/org/scala-lang/scala-reflect/2.10.3/scala-reflect-2.10.3.pom
		tried http://repo1.maven.org/maven2/org/scala-lang/scala-reflect/2.10.3/scala-reflect-2.10.3.pom
	Maven Central: found md file for org.scala-lang#scala-reflect;2.10.3
		=> http://repo1.maven.org/maven2/org/scala-lang/scala-reflect/2.10.3/scala-reflect-2.10.3.pom (2.10.3)
	parser = pom parser
	no ivy file in cache for org.scala-lang#scala-reflect;2.10.3: tried /home/wzhg/.ivy2/cache/org.scala-lang/scala-reflect/ivy-2.10.3.xml
downloading http://repo1.maven.org/maven2/org/scala-lang/scala-reflect/2.10.3/scala-reflect-2.10.3.pom ...
	Maven Central: downloading http://repo1.maven.org/maven2/org/scala-lang/scala-reflect/2.10.3/scala-reflect-2.10.3.pom
		to /home/wzhg/.ivy2/cache/org.scala-lang/scala-reflect/ivy-2.10.3.xml.original.part
sha1 file found for http://repo1.maven.org/maven2/org/scala-lang/scala-reflect/2.10.3/scala-reflect-2.10.3.pom: checking...
	Maven Central: downloading http://repo1.maven.org/maven2/org/scala-lang/scala-reflect/2.10.3/scala-reflect-2.10.3.pom.sha1
		to /tmp/ivytmp2676745043014972933sha1
sha1 OK for http://repo1.maven.org/maven2/org/scala-lang/scala-reflect/2.10.3/scala-reflect-2.10.3.pom
	[SUCCESSFUL ] org.scala-lang#scala-reflect;2.10.3!scala-reflect.pom(pom.original) (1558ms)
	 trying /home/wzhg/.ivy2/local/org.scala-lang/scala-reflect/2.10.3/jars/scala-reflect.jar
		tried /home/wzhg/.ivy2/local/org.scala-lang/scala-reflect/2.10.3/jars/scala-reflect.jar
	local: resource not reachable for org.scala-lang#scala-reflect;2.10.3: res=/home/wzhg/.ivy2/local/org.scala-lang/scala-reflect/2.10.3/jars/scala-reflect.jar
	 trying http://repo.typesafe.com/typesafe/ivy-releases/org.scala-lang/scala-reflect/2.10.3/jars/scala-reflect.jar
		tried http://repo.typesafe.com/typesafe/ivy-releases/org.scala-lang/scala-reflect/2.10.3/jars/scala-reflect.jar
HTTP response status: 404 url=http://repo.typesafe.com/typesafe/ivy-releases/org.scala-lang/scala-reflect/2.10.3/jars/scala-reflect.jar
CLIENT ERROR: Not Found url=http://repo.typesafe.com/typesafe/ivy-releases/org.scala-lang/scala-reflect/2.10.3/jars/scala-reflect.jar
	typesafe-ivy-releases: resource not reachable for org.scala-lang#scala-reflect;2.10.3: res=http://repo.typesafe.com/typesafe/ivy-releases/org.scala-lang/scala-reflect/2.10.3/jars/scala-reflect.jar
	 trying http://repo1.maven.org/maven2/org/scala-lang/scala-reflect/2.10.3/scala-reflect-2.10.3.jar
		tried http://repo1.maven.org/maven2/org/scala-lang/scala-reflect/2.10.3/scala-reflect-2.10.3.jar
no source artifact found for org.scala-lang#scala-reflect;2.10.3
no javadoc artifact found for org.scala-lang#scala-reflect;2.10.3
	default-cache: parsed downloaded md file for org.scala-lang#scala-reflect;2.10.3; parsed=org.scala-lang#scala-reflect;2.10.3
	checking org.scala-lang#scala-reflect;2.10.3 from Maven Central against [none]
	module revision kept as first found: org.scala-lang#scala-reflect;2.10.3 from Maven Central
	found org.scala-lang#scala-reflect;2.10.3 in Maven Central
== resolving dependencies org.scala-lang#scala-compiler;2.10.3->org.scala-lang#scala-reflect;2.10.3 [compile->compile(*)]
loadData of org.scala-lang#scala-reflect;2.10.3 of rootConf=default
== resolving dependencies org.scala-lang#scala-reflect;2.10.3->org.scala-lang#scala-library;2.10.3 [compile->master(*)]
loadData of org.scala-lang#scala-library;2.10.3 of rootConf=default
default is loaded and no conf to load.  Skip loading
== resolving dependencies org.scala-lang#scala-reflect;2.10.3->org.scala-lang#scala-library;2.10.3 [compile->compile(*)]
loadData of org.scala-lang#scala-library;2.10.3 of rootConf=default
default is loaded and no conf to load.  Skip loading
== resolving dependencies org.scala-lang#scala-compiler;2.10.3->org.scala-lang#scala-library;2.10.3 [runtime->runtime(*)]
loadData of org.scala-lang#scala-library;2.10.3 of rootConf=default
== resolving dependencies org.scala-lang#scala-compiler;2.10.3->org.scala-lang#scala-library;2.10.3 [runtime->compile]
loadData of org.scala-lang#scala-library;2.10.3 of rootConf=default
default is loaded and no conf to load.  Skip loading
== resolving dependencies org.scala-lang#scala-compiler;2.10.3->org.scala-lang#scala-reflect;2.10.3 [runtime->runtime(*)]
loadData of org.scala-lang#scala-reflect;2.10.3 of rootConf=default
== resolving dependencies org.scala-lang#scala-compiler;2.10.3->org.scala-lang#scala-reflect;2.10.3 [runtime->compile]
loadData of org.scala-lang#scala-reflect;2.10.3 of rootConf=default
== resolving dependencies org.scala-lang#scala-reflect;2.10.3->org.scala-lang#scala-library;2.10.3 [runtime->runtime(*)]
loadData of org.scala-lang#scala-library;2.10.3 of rootConf=default
default is loaded and no conf to load.  Skip loading
== resolving dependencies org.scala-lang#scala-reflect;2.10.3->org.scala-lang#scala-library;2.10.3 [runtime->compile]
loadData of org.scala-lang#scala-library;2.10.3 of rootConf=default
default is loaded and no conf to load.  Skip loading
== resolving dependencies org.scala-sbt#boot-scala;1.0->org.scala-lang#scala-compiler;2.10.3 [default->master]
loadData of org.scala-lang#scala-compiler;2.10.3 of rootConf=default
== resolving dependencies org.scala-sbt#boot-scala;1.0->org.scala-lang#scala-compiler;2.10.3 [default->optional(default)]
loadData of org.scala-lang#scala-compiler;2.10.3 of rootConf=default
== resolving dependencies org.scala-lang#scala-compiler;2.10.3->org.scala-lang#jline;2.10.3 [optional->master(*)]
loadData of org.scala-lang#jline;2.10.3 of rootConf=default
	using redefined-public to resolve org.scala-lang#jline;2.10.3
redefined-public: Checking cache for: dependency: org.scala-lang#jline;2.10.3 {optional=[compile(*), master(*)]}
	no ivy file in cache for org.scala-lang#jline;2.10.3: tried /home/wzhg/.ivy2/cache/org.scala-lang/jline/ivy-2.10.3.xml
	no ivy file in cache for org.scala-lang#jline;2.10.3: tried /home/wzhg/.ivy2/cache/org.scala-lang/jline/ivy-2.10.3.xml
	 trying /home/wzhg/.ivy2/local/org.scala-lang/jline/2.10.3/ivys/ivy.xml
		tried /home/wzhg/.ivy2/local/org.scala-lang/jline/2.10.3/ivys/ivy.xml
	local: resource not reachable for org.scala-lang#jline;2.10.3: res=/home/wzhg/.ivy2/local/org.scala-lang/jline/2.10.3/ivys/ivy.xml
	local: no ivy file found for org.scala-lang#jline;2.10.3
	no ivy file in cache for org.scala-lang#jline;2.10.3: tried /home/wzhg/.ivy2/cache/org.scala-lang/jline/ivy-2.10.3.xml
	 trying http://repo.typesafe.com/typesafe/ivy-releases/org.scala-lang/jline/2.10.3/ivys/ivy.xml
		tried http://repo.typesafe.com/typesafe/ivy-releases/org.scala-lang/jline/2.10.3/ivys/ivy.xml
HTTP response status: 404 url=http://repo.typesafe.com/typesafe/ivy-releases/org.scala-lang/jline/2.10.3/ivys/ivy.xml
CLIENT ERROR: Not Found url=http://repo.typesafe.com/typesafe/ivy-releases/org.scala-lang/jline/2.10.3/ivys/ivy.xml
	typesafe-ivy-releases: resource not reachable for org.scala-lang#jline;2.10.3: res=http://repo.typesafe.com/typesafe/ivy-releases/org.scala-lang/jline/2.10.3/ivys/ivy.xml
	typesafe-ivy-releases: no ivy file found for org.scala-lang#jline;2.10.3
	no ivy file in cache for org.scala-lang#jline;2.10.3: tried /home/wzhg/.ivy2/cache/org.scala-lang/jline/ivy-2.10.3.xml
	 trying http://repo1.maven.org/maven2/org/scala-lang/jline/2.10.3/jline-2.10.3.pom
		tried http://repo1.maven.org/maven2/org/scala-lang/jline/2.10.3/jline-2.10.3.pom
	Maven Central: found md file for org.scala-lang#jline;2.10.3
		=> http://repo1.maven.org/maven2/org/scala-lang/jline/2.10.3/jline-2.10.3.pom (2.10.3)
	parser = pom parser
	no ivy file in cache for org.scala-lang#jline;2.10.3: tried /home/wzhg/.ivy2/cache/org.scala-lang/jline/ivy-2.10.3.xml
downloading http://repo1.maven.org/maven2/org/scala-lang/jline/2.10.3/jline-2.10.3.pom ...
	Maven Central: downloading http://repo1.maven.org/maven2/org/scala-lang/jline/2.10.3/jline-2.10.3.pom
		to /home/wzhg/.ivy2/cache/org.scala-lang/jline/ivy-2.10.3.xml.original.part
sha1 file found for http://repo1.maven.org/maven2/org/scala-lang/jline/2.10.3/jline-2.10.3.pom: checking...
	Maven Central: downloading http://repo1.maven.org/maven2/org/scala-lang/jline/2.10.3/jline-2.10.3.pom.sha1
		to /tmp/ivytmp6081328518812009191sha1
sha1 OK for http://repo1.maven.org/maven2/org/scala-lang/jline/2.10.3/jline-2.10.3.pom
	[SUCCESSFUL ] org.scala-lang#jline;2.10.3!jline.pom(pom.original) (759ms)
	 trying /home/wzhg/.ivy2/local/org.scala-lang/jline/2.10.3/jars/jline.jar
		tried /home/wzhg/.ivy2/local/org.scala-lang/jline/2.10.3/jars/jline.jar
	local: resource not reachable for org.scala-lang#jline;2.10.3: res=/home/wzhg/.ivy2/local/org.scala-lang/jline/2.10.3/jars/jline.jar
	 trying http://repo.typesafe.com/typesafe/ivy-releases/org.scala-lang/jline/2.10.3/jars/jline.jar
		tried http://repo.typesafe.com/typesafe/ivy-releases/org.scala-lang/jline/2.10.3/jars/jline.jar
HTTP response status: 404 url=http://repo.typesafe.com/typesafe/ivy-releases/org.scala-lang/jline/2.10.3/jars/jline.jar
CLIENT ERROR: Not Found url=http://repo.typesafe.com/typesafe/ivy-releases/org.scala-lang/jline/2.10.3/jars/jline.jar
	typesafe-ivy-releases: resource not reachable for org.scala-lang#jline;2.10.3: res=http://repo.typesafe.com/typesafe/ivy-releases/org.scala-lang/jline/2.10.3/jars/jline.jar
	 trying http://repo1.maven.org/maven2/org/scala-lang/jline/2.10.3/jline-2.10.3.jar
		tried http://repo1.maven.org/maven2/org/scala-lang/jline/2.10.3/jline-2.10.3.jar
no source artifact found for org.scala-lang#jline;2.10.3
no javadoc artifact found for org.scala-lang#jline;2.10.3
	default-cache: parsed downloaded md file for org.scala-lang#jline;2.10.3; parsed=org.scala-lang#jline;2.10.3
	checking org.scala-lang#jline;2.10.3 from Maven Central against [none]
	module revision kept as first found: org.scala-lang#jline;2.10.3 from Maven Central
	found org.scala-lang#jline;2.10.3 in Maven Central
== resolving dependencies org.scala-lang#scala-compiler;2.10.3->org.scala-lang#jline;2.10.3 [optional->compile(*)]
loadData of org.scala-lang#jline;2.10.3 of rootConf=default
== resolving dependencies org.scala-lang#jline;2.10.3->org.fusesource.jansi#jansi;1.4 [compile->master(*)]
loadData of org.fusesource.jansi#jansi;1.4 of rootConf=default
	using redefined-public to resolve org.fusesource.jansi#jansi;1.4
redefined-public: Checking cache for: dependency: org.fusesource.jansi#jansi;1.4 {compile=[compile(*), master(*)], runtime=[runtime(*)]}
No entry is found in the ModuleDescriptorCache : /home/wzhg/.ivy2/cache/org.fusesource.jansi/jansi/ivy-1.4.xml
post 1.3 ivy file: using exact as default matcher
	resolver not found: null => trying to use the one configured for org.fusesource.jansi#jansi;1.4
	configured resolver found for org.fusesource.jansi#jansi;1.4: redefined-public: saving this data
	found ivy file in cache for org.fusesource.jansi#jansi;1.4 (resolved by redefined-public): /home/wzhg/.ivy2/cache/org.fusesource.jansi/jansi/ivy-1.4.xml
redefined-public: module revision found in cache: org.fusesource.jansi#jansi;1.4
	found org.fusesource.jansi#jansi;1.4 in redefined-public
== resolving dependencies org.scala-lang#jline;2.10.3->org.fusesource.jansi#jansi;1.4 [compile->compile(*)]
loadData of org.fusesource.jansi#jansi;1.4 of rootConf=default
== resolving dependencies org.scala-sbt#boot-scala;1.0->org.scala-lang#scala-library;2.10.3 [default->default]
loadData of org.scala-lang#scala-library;2.10.3 of rootConf=default
default is loaded and no conf to load.  Skip loading
== resolving dependencies org.scala-sbt#boot-scala;1.0->org.scala-lang#scala-library;2.10.3 [default->runtime]
loadData of org.scala-lang#scala-library;2.10.3 of rootConf=default
default is loaded and no conf to load.  Skip loading
== resolving dependencies org.scala-sbt#boot-scala;1.0->org.scala-lang#scala-library;2.10.3 [default->compile]
loadData of org.scala-lang#scala-library;2.10.3 of rootConf=default
default is loaded and no conf to load.  Skip loading
== resolving dependencies org.scala-sbt#boot-scala;1.0->org.scala-lang#scala-library;2.10.3 [default->master]
loadData of org.scala-lang#scala-library;2.10.3 of rootConf=default
default is loaded and no conf to load.  Skip loading
Nbr of module to sort : 5
Sort dependencies of : org.scala-lang#scala-compiler;2.10.3 / Number of dependencies = 3
Sort dependencies of : org.scala-lang#scala-library;2.10.3 / Number of dependencies = 0
Sort done for : org.scala-lang#scala-library;2.10.3
Sort dependencies of : org.scala-lang#scala-reflect;2.10.3 / Number of dependencies = 1
Module descriptor is processed : org.scala-lang#scala-library;2.10.3
Sort done for : org.scala-lang#scala-reflect;2.10.3
Sort dependencies of : org.scala-lang#jline;2.10.3 / Number of dependencies = 1
Sort dependencies of : org.fusesource.jansi#jansi;1.4 / Number of dependencies = 1
Sort done for : org.fusesource.jansi#jansi;1.4
Sort done for : org.scala-lang#jline;2.10.3
Sort done for : org.scala-lang#scala-compiler;2.10.3
Module descriptor is processed : org.scala-lang#scala-library;2.10.3
Module descriptor is processed : org.scala-lang#scala-reflect;2.10.3
Module descriptor is processed : org.scala-lang#jline;2.10.3
Module descriptor is processed : org.fusesource.jansi#jansi;1.4
	resolved ivy file produced in /home/wzhg/.sbt/boot/resolution-cache/resolved-org.scala-sbt-boot-scala-1.0.xml
:: downloading artifacts ::
	 trying http://repo1.maven.org/maven2/org/scala-lang/scala-compiler/2.10.3/scala-compiler-2.10.3.jar
		tried http://repo1.maven.org/maven2/org/scala-lang/scala-compiler/2.10.3/scala-compiler-2.10.3.jar
downloading http://repo1.maven.org/maven2/org/scala-lang/scala-compiler/2.10.3/scala-compiler-2.10.3.jar ...
	Maven Central: downloading http://repo1.maven.org/maven2/org/scala-lang/scala-compiler/2.10.3/scala-compiler-2.10.3.jar
		to /home/wzhg/.ivy2/cache/org.scala-lang/scala-compiler/jars/scala-compiler-2.10.3.jar.part
sha1 file found for http://repo1.maven.org/maven2/org/scala-lang/scala-compiler/2.10.3/scala-compiler-2.10.3.jar: checking...
	Maven Central: downloading http://repo1.maven.org/maven2/org/scala-lang/scala-compiler/2.10.3/scala-compiler-2.10.3.jar.sha1
		to /tmp/ivytmp5354650988613731937sha1
sha1 OK for http://repo1.maven.org/maven2/org/scala-lang/scala-compiler/2.10.3/scala-compiler-2.10.3.jar
	[SUCCESSFUL ] org.scala-lang#scala-compiler;2.10.3!scala-compiler.jar (405415ms)
	 trying http://repo1.maven.org/maven2/org/scala-lang/scala-library/2.10.3/scala-library-2.10.3.jar
		tried http://repo1.maven.org/maven2/org/scala-lang/scala-library/2.10.3/scala-library-2.10.3.jar
downloading http://repo1.maven.org/maven2/org/scala-lang/scala-library/2.10.3/scala-library-2.10.3.jar ...
	Maven Central: downloading http://repo1.maven.org/maven2/org/scala-lang/scala-library/2.10.3/scala-library-2.10.3.jar
		to /home/wzhg/.ivy2/cache/org.scala-lang/scala-library/jars/scala-library-2.10.3.jar.part
sha1 file found for http://repo1.maven.org/maven2/org/scala-lang/scala-library/2.10.3/scala-library-2.10.3.jar: checking...
	Maven Central: downloading http://repo1.maven.org/maven2/org/scala-lang/scala-library/2.10.3/scala-library-2.10.3.jar.sha1
		to /tmp/ivytmp6352044084332540565sha1
sha1 OK for http://repo1.maven.org/maven2/org/scala-lang/scala-library/2.10.3/scala-library-2.10.3.jar
	[SUCCESSFUL ] org.scala-lang#scala-library;2.10.3!scala-library.jar (203665ms)
	 trying http://repo1.maven.org/maven2/org/scala-lang/scala-reflect/2.10.3/scala-reflect-2.10.3.jar
		tried http://repo1.maven.org/maven2/org/scala-lang/scala-reflect/2.10.3/scala-reflect-2.10.3.jar
downloading http://repo1.maven.org/maven2/org/scala-lang/scala-reflect/2.10.3/scala-reflect-2.10.3.jar ...
	Maven Central: downloading http://repo1.maven.org/maven2/org/scala-lang/scala-reflect/2.10.3/scala-reflect-2.10.3.jar
		to /home/wzhg/.ivy2/cache/org.scala-lang/scala-reflect/jars/scala-reflect-2.10.3.jar.part
sha1 file found for http://repo1.maven.org/maven2/org/scala-lang/scala-reflect/2.10.3/scala-reflect-2.10.3.jar: checking...
	Maven Central: downloading http://repo1.maven.org/maven2/org/scala-lang/scala-reflect/2.10.3/scala-reflect-2.10.3.jar.sha1
		to /tmp/ivytmp7322537711794205703sha1
sha1 OK for http://repo1.maven.org/maven2/org/scala-lang/scala-reflect/2.10.3/scala-reflect-2.10.3.jar
	[SUCCESSFUL ] org.scala-lang#scala-reflect;2.10.3!scala-reflect.jar (104390ms)
	 trying http://repo1.maven.org/maven2/org/scala-lang/jline/2.10.3/jline-2.10.3.jar
		tried http://repo1.maven.org/maven2/org/scala-lang/jline/2.10.3/jline-2.10.3.jar
downloading http://repo1.maven.org/maven2/org/scala-lang/jline/2.10.3/jline-2.10.3.jar ...
	Maven Central: downloading http://repo1.maven.org/maven2/org/scala-lang/jline/2.10.3/jline-2.10.3.jar
		to /home/wzhg/.ivy2/cache/org.scala-lang/jline/jars/jline-2.10.3.jar.part
sha1 file found for http://repo1.maven.org/maven2/org/scala-lang/jline/2.10.3/jline-2.10.3.jar: checking...
	Maven Central: downloading http://repo1.maven.org/maven2/org/scala-lang/jline/2.10.3/jline-2.10.3.jar.sha1
		to /tmp/ivytmp1419422930008359222sha1
sha1 OK for http://repo1.maven.org/maven2/org/scala-lang/jline/2.10.3/jline-2.10.3.jar
	[SUCCESSFUL ] org.scala-lang#jline;2.10.3!jline.jar (11364ms)
	[NOT REQUIRED] org.fusesource.jansi#jansi;1.4!jansi.jar
:: resolution report :: resolve 9920ms :: artifacts dl 724847ms
Nbr of module to sort : 5
Sort dependencies of : org.scala-lang#scala-compiler;2.10.3 / Number of dependencies = 3
Sort dependencies of : org.scala-lang#scala-library;2.10.3 / Number of dependencies = 0
Sort done for : org.scala-lang#scala-library;2.10.3
Sort dependencies of : org.scala-lang#scala-reflect;2.10.3 / Number of dependencies = 1
Module descriptor is processed : org.scala-lang#scala-library;2.10.3
Sort done for : org.scala-lang#scala-reflect;2.10.3
Sort dependencies of : org.scala-lang#jline;2.10.3 / Number of dependencies = 1
Sort dependencies of : org.fusesource.jansi#jansi;1.4 / Number of dependencies = 1
Sort done for : org.fusesource.jansi#jansi;1.4
Sort done for : org.scala-lang#jline;2.10.3
Sort done for : org.scala-lang#scala-compiler;2.10.3
Module descriptor is processed : org.scala-lang#scala-library;2.10.3
Module descriptor is processed : org.scala-lang#scala-reflect;2.10.3
Module descriptor is processed : org.scala-lang#jline;2.10.3
Module descriptor is processed : org.fusesource.jansi#jansi;1.4
	report for org.scala-sbt#boot-scala;1.0 default produced in /home/wzhg/.sbt/boot/resolution-cache/org.scala-sbt-boot-scala-default.xml
	resolve done (9920ms resolve - 724847ms download)
setting 'scala' to '2.10.3'
:: retrieving :: org.scala-sbt#boot-scala
	checkUpToDate=true
no explicit confs given for retrieve, using ivy file: /home/wzhg/.sbt/boot/resolution-cache/resolved-org.scala-sbt-boot-scala-1.0.xml
using ivy parser to parse /home/wzhg/.sbt/boot/resolution-cache/resolved-org.scala-sbt-boot-scala-1.0.xml
post 1.3 ivy file: using exact as default matcher
	confs: [default]
	retrieving /home/wzhg/.ivy2/cache/org.fusesource.jansi/jansi/jars/jansi-1.4.jar
		to /home/wzhg/.sbt/boot/scala-2.10.3/lib/jansi.jar
	retrieving /home/wzhg/.ivy2/cache/org.scala-lang/scala-library/jars/scala-library-2.10.3.jar
		to /home/wzhg/.sbt/boot/scala-2.10.3/lib/scala-library.jar
	retrieving /home/wzhg/.ivy2/cache/org.scala-lang/scala-reflect/jars/scala-reflect-2.10.3.jar
		to /home/wzhg/.sbt/boot/scala-2.10.3/lib/scala-reflect.jar
	retrieving /home/wzhg/.ivy2/cache/org.scala-lang/scala-compiler/jars/scala-compiler-2.10.3.jar
		to /home/wzhg/.sbt/boot/scala-2.10.3/lib/scala-compiler.jar
	retrieving /home/wzhg/.ivy2/cache/org.scala-lang/jline/jars/jline-2.10.3.jar
		to /home/wzhg/.sbt/boot/scala-2.10.3/lib/jline.jar
	5 artifacts copied, 0 already retrieved (24447kB/139ms)
	retrieve done (139ms)
